2012/10/19 07:00:14 [error] [exception.CDbException] exception 'CDbException' with message 'CDbConnection failed to open the DB connection: SQLSTATE[42000] [1049] Unknown database 'agendaoberta'' in C:\Users\dani\Documents\My Dropbox\dani_projects\yii-1.1.10.r3566\framework\db\CDbConnection.php:382
Stack trace:
#0 C:\Users\dani\Documents\My Dropbox\dani_projects\yii-1.1.10.r3566\framework\db\CDbConnection.php(331): CDbConnection->open()
#1 C:\Users\dani\Documents\My Dropbox\dani_projects\yii-1.1.10.r3566\framework\db\CDbConnection.php(309): CDbConnection->setActive(true)
#2 C:\Users\dani\Documents\My Dropbox\dani_projects\yii-1.1.10.r3566\framework\base\CModule.php(388): CDbConnection->init()
#3 C:\Users\dani\Documents\My Dropbox\dani_projects\yii-1.1.10.r3566\framework\base\CApplication.php(431): CModule->getComponent('db')
#4 C:\Users\dani\Documents\My Dropbox\dani_projects\yii-1.1.10.r3566\framework\db\ar\CActiveRecord.php(615): CApplication->getDb()
#5 C:\Users\dani\Documents\My Dropbox\dani_projects\yii-1.1.10.r3566\framework\db\ar\CActiveRecord.php(2263): CActiveRecord->getDbConnection()
#6 C:\Users\dani\Documents\My Dropbox\dani_projects\yii-1.1.10.r3566\framework\db\ar\CActiveRecord.php(379): CActiveRecordMetaData->__construct(Object(Event))
#7 C:\Users\dani\Documents\My Dropbox\dani_projects\2012_a\ao\api\protected\models\Event.php(10): CActiveRecord::model('Event')
#8 C:\Users\dani\Documents\My Dropbox\dani_projects\2012_a\ao\api\protected\controllers\EventController.php(28): Event::model()
#9 C:\Users\dani\Documents\My Dropbox\dani_projects\yii-1.1.10.r3566\framework\web\actions\CInlineAction.php(50): EventController->actionSearch()
#10 C:\Users\dani\Documents\My Dropbox\dani_projects\yii-1.1.10.r3566\framework\web\CController.php(309): CInlineAction->runWithParams(Array)
#11 C:\Users\dani\Documents\My Dropbox\dani_projects\yii-1.1.10.r3566\framework\web\CController.php(287): CController->runAction(Object(CInlineAction))
#12 C:\Users\dani\Documents\My Dropbox\dani_projects\yii-1.1.10.r3566\framework\web\CController.php(266): CController->runActionWithFilters(Object(CInlineAction), Array)
#13 C:\Users\dani\Documents\My Dropbox\dani_projects\yii-1.1.10.r3566\framework\web\CWebApplication.php(276): CController->run('search')
#14 C:\Users\dani\Documents\My Dropbox\dani_projects\yii-1.1.10.r3566\framework\web\CWebApplication.php(135): CWebApplication->runController('event/search')
#15 C:\Users\dani\Documents\My Dropbox\dani_projects\yii-1.1.10.r3566\framework\base\CApplication.php(162): CWebApplication->processRequest()
#16 C:\Users\dani\Documents\My Dropbox\dani_projects\2012_a\ao\api\index.php(19): CApplication->run()
#17 {main}
REQUEST_URI=/dani_projects/2012_a/ao/api/event/search?h=1
HTTP_REFERER=http://localhost/dani_projects/2012_a/ao/api/event
---
2012/10/19 07:07:52 [error] [php] Undefined index: SCRIPT_URI (C:\Users\dani\Documents\My Dropbox\dani_projects\2012_a\ao\api\protected\vendors\Analytics.php:95)
Stack trace:
#0 C:\Users\dani\Documents\My Dropbox\dani_projects\yii-1.1.10.r3566\framework\web\CController.php(309): CInlineAction->runWithParams()
#1 C:\Users\dani\Documents\My Dropbox\dani_projects\yii-1.1.10.r3566\framework\web\CController.php(287): EventController->runAction()
#2 C:\Users\dani\Documents\My Dropbox\dani_projects\yii-1.1.10.r3566\framework\web\CController.php(266): EventController->runActionWithFilters()
#3 C:\Users\dani\Documents\My Dropbox\dani_projects\yii-1.1.10.r3566\framework\web\CWebApplication.php(276): EventController->run()
#4 C:\Users\dani\Documents\My Dropbox\dani_projects\yii-1.1.10.r3566\framework\web\CWebApplication.php(135): CWebApplication->runController()
#5 C:\Users\dani\Documents\My Dropbox\dani_projects\yii-1.1.10.r3566\framework\base\CApplication.php(162): CWebApplication->processRequest()
#6 C:\Users\dani\Documents\My Dropbox\dani_projects\2012_a\ao\api\index.php(19): CWebApplication->run()
REQUEST_URI=/dani_projects/2012_a/ao/api/event/search?d=2012-10-01&e=2012-10-31
in C:\Users\dani\Documents\My Dropbox\dani_projects\2012_a\ao\api\protected\vendors\Analytics.php (95)
in C:\Users\dani\Documents\My Dropbox\dani_projects\2012_a\ao\api\protected\controllers\EventController.php (18)
in C:\Users\dani\Documents\My Dropbox\dani_projects\2012_a\ao\api\index.php (19)
2012/10/19 07:08:28 [error] [php] Undefined index: SCRIPT_URI (C:\Users\dani\Documents\My Dropbox\dani_projects\2012_a\ao\api\protected\vendors\Analytics.php:95)
Stack trace:
#0 C:\Users\dani\Documents\My Dropbox\dani_projects\yii-1.1.10.r3566\framework\web\CController.php(309): CInlineAction->runWithParams()
#1 C:\Users\dani\Documents\My Dropbox\dani_projects\yii-1.1.10.r3566\framework\web\CController.php(287): EventController->runAction()
#2 C:\Users\dani\Documents\My Dropbox\dani_projects\yii-1.1.10.r3566\framework\web\CController.php(266): EventController->runActionWithFilters()
#3 C:\Users\dani\Documents\My Dropbox\dani_projects\yii-1.1.10.r3566\framework\web\CWebApplication.php(276): EventController->run()
#4 C:\Users\dani\Documents\My Dropbox\dani_projects\yii-1.1.10.r3566\framework\web\CWebApplication.php(135): CWebApplication->runController()
#5 C:\Users\dani\Documents\My Dropbox\dani_projects\yii-1.1.10.r3566\framework\base\CApplication.php(162): CWebApplication->processRequest()
#6 C:\Users\dani\Documents\My Dropbox\dani_projects\2012_a\ao\api\index.php(19): CWebApplication->run()
REQUEST_URI=/dani_projects/2012_a/ao/api/event/search?d=2012-10-01&e=2012-10-31
in C:\Users\dani\Documents\My Dropbox\dani_projects\2012_a\ao\api\protected\vendors\Analytics.php (95)
in C:\Users\dani\Documents\My Dropbox\dani_projects\2012_a\ao\api\protected\controllers\EventController.php (18)
in C:\Users\dani\Documents\My Dropbox\dani_projects\2012_a\ao\api\index.php (19)
2012/10/19 07:21:50 [error] [exception.CException] exception 'CException' with message 'CWebApplication and its behaviors do not have a method or closure named "params".' in C:\Users\dani\Documents\My Dropbox\dani_projects\yii-1.1.10.r3566\framework\base\CComponent.php:266
Stack trace:
#0 [internal function]: CComponent->__call('params', Array)
#1 C:\Users\dani\Documents\My Dropbox\dani_projects\2012_a\ao\api\protected\views\layouts\main.php(79): CWebApplication->params('ga_code')
#2 C:\Users\dani\Documents\My Dropbox\dani_projects\yii-1.1.10.r3566\framework\web\CBaseController.php(127): require('C:\Users\dani\D...')
#3 C:\Users\dani\Documents\My Dropbox\dani_projects\yii-1.1.10.r3566\framework\web\CBaseController.php(96): CBaseController->renderInternal('C:\Users\dani\D...', Array, true)
#4 C:\Users\dani\Documents\My Dropbox\dani_projects\yii-1.1.10.r3566\framework\web\CController.php(785): CBaseController->renderFile('C:\Users\dani\D...', Array, true)
#5 C:\Users\dani\Documents\My Dropbox\dani_projects\2012_a\ao\api\protected\components\Controller.php(28): CController->render('index', Array)
#6 C:\Users\dani\Documents\My Dropbox\dani_projects\2012_a\ao\api\protected\controllers\SiteController.php(29): Controller->sendResponse('index', Array)
#7 C:\Users\dani\Documents\My Dropbox\dani_projects\yii-1.1.10.r3566\framework\web\actions\CInlineAction.php(50): SiteController->actionIndex()
#8 C:\Users\dani\Documents\My Dropbox\dani_projects\yii-1.1.10.r3566\framework\web\CController.php(309): CInlineAction->runWithParams(Array)
#9 C:\Users\dani\Documents\My Dropbox\dani_projects\yii-1.1.10.r3566\framework\web\CController.php(287): CController->runAction(Object(CInlineAction))
#10 C:\Users\dani\Documents\My Dropbox\dani_projects\yii-1.1.10.r3566\framework\web\CController.php(266): CController->runActionWithFilters(Object(CInlineAction), Array)
#11 C:\Users\dani\Documents\My Dropbox\dani_projects\yii-1.1.10.r3566\framework\web\CWebApplication.php(276): CController->run('')
#12 C:\Users\dani\Documents\My Dropbox\dani_projects\yii-1.1.10.r3566\framework\web\CWebApplication.php(135): CWebApplication->runController('')
#13 C:\Users\dani\Documents\My Dropbox\dani_projects\yii-1.1.10.r3566\framework\base\CApplication.php(162): CWebApplication->processRequest()
#14 C:\Users\dani\Documents\My Dropbox\dani_projects\2012_a\ao\api\index.php(19): CApplication->run()
#15 {main}
REQUEST_URI=/dani_projects/2012_a/ao/api/
---
2012/10/19 07:21:59 [error] [exception.CException] exception 'CException' with message 'CWebApplication and its behaviors do not have a method or closure named "param".' in C:\Users\dani\Documents\My Dropbox\dani_projects\yii-1.1.10.r3566\framework\base\CComponent.php:266
Stack trace:
#0 [internal function]: CComponent->__call('param', Array)
#1 C:\Users\dani\Documents\My Dropbox\dani_projects\2012_a\ao\api\protected\views\layouts\main.php(79): CWebApplication->param('ga_code')
#2 C:\Users\dani\Documents\My Dropbox\dani_projects\yii-1.1.10.r3566\framework\web\CBaseController.php(127): require('C:\Users\dani\D...')
#3 C:\Users\dani\Documents\My Dropbox\dani_projects\yii-1.1.10.r3566\framework\web\CBaseController.php(96): CBaseController->renderInternal('C:\Users\dani\D...', Array, true)
#4 C:\Users\dani\Documents\My Dropbox\dani_projects\yii-1.1.10.r3566\framework\web\CController.php(785): CBaseController->renderFile('C:\Users\dani\D...', Array, true)
#5 C:\Users\dani\Documents\My Dropbox\dani_projects\2012_a\ao\api\protected\components\Controller.php(28): CController->render('index', Array)
#6 C:\Users\dani\Documents\My Dropbox\dani_projects\2012_a\ao\api\protected\controllers\SiteController.php(29): Controller->sendResponse('index', Array)
#7 C:\Users\dani\Documents\My Dropbox\dani_projects\yii-1.1.10.r3566\framework\web\actions\CInlineAction.php(50): SiteController->actionIndex()
#8 C:\Users\dani\Documents\My Dropbox\dani_projects\yii-1.1.10.r3566\framework\web\CController.php(309): CInlineAction->runWithParams(Array)
#9 C:\Users\dani\Documents\My Dropbox\dani_projects\yii-1.1.10.r3566\framework\web\CController.php(287): CController->runAction(Object(CInlineAction))
#10 C:\Users\dani\Documents\My Dropbox\dani_projects\yii-1.1.10.r3566\framework\web\CController.php(266): CController->runActionWithFilters(Object(CInlineAction), Array)
#11 C:\Users\dani\Documents\My Dropbox\dani_projects\yii-1.1.10.r3566\framework\web\CWebApplication.php(276): CController->run('')
#12 C:\Users\dani\Documents\My Dropbox\dani_projects\yii-1.1.10.r3566\framework\web\CWebApplication.php(135): CWebApplication->runController('')
#13 C:\Users\dani\Documents\My Dropbox\dani_projects\yii-1.1.10.r3566\framework\base\CApplication.php(162): CWebApplication->processRequest()
#14 C:\Users\dani\Documents\My Dropbox\dani_projects\2012_a\ao\api\index.php(19): CApplication->run()
#15 {main}
REQUEST_URI=/dani_projects/2012_a/ao/api/
---
2012/10/27 10:36:24 [error] [php] Undefined index: SCRIPT_URI (C:\Users\dani\Documents\My Dropbox\dani_projects\2012_a\ao\api\protected\vendors\Analytics.php:95)
Stack trace:
#0 C:\Users\dani\Documents\My Dropbox\dani_projects\yii-1.1.10.r3566\framework\web\CController.php(309): CInlineAction->runWithParams()
#1 C:\Users\dani\Documents\My Dropbox\dani_projects\yii-1.1.10.r3566\framework\web\CController.php(287): EventController->runAction()
#2 C:\Users\dani\Documents\My Dropbox\dani_projects\yii-1.1.10.r3566\framework\web\CController.php(266): EventController->runActionWithFilters()
#3 C:\Users\dani\Documents\My Dropbox\dani_projects\yii-1.1.10.r3566\framework\web\CWebApplication.php(276): EventController->run()
#4 C:\Users\dani\Documents\My Dropbox\dani_projects\yii-1.1.10.r3566\framework\web\CWebApplication.php(135): CWebApplication->runController()
#5 C:\Users\dani\Documents\My Dropbox\dani_projects\yii-1.1.10.r3566\framework\base\CApplication.php(162): CWebApplication->processRequest()
#6 C:\Users\dani\Documents\My Dropbox\dani_projects\2012_a\ao\api\index.php(19): CWebApplication->run()
REQUEST_URI=/dani_projects/2012_a/ao/api/event/search?h=1
in C:\Users\dani\Documents\My Dropbox\dani_projects\2012_a\ao\api\protected\vendors\Analytics.php (95)
in C:\Users\dani\Documents\My Dropbox\dani_projects\2012_a\ao\api\protected\controllers\EventController.php (18)
in C:\Users\dani\Documents\My Dropbox\dani_projects\2012_a\ao\api\index.php (19)
2012/10/27 10:36:42 [error] [php] Undefined index: SCRIPT_URI (C:\Users\dani\Documents\My Dropbox\dani_projects\2012_a\ao\api\protected\vendors\Analytics.php:95)
Stack trace:
#0 C:\Users\dani\Documents\My Dropbox\dani_projects\yii-1.1.10.r3566\framework\web\CController.php(309): CInlineAction->runWithParams()
#1 C:\Users\dani\Documents\My Dropbox\dani_projects\yii-1.1.10.r3566\framework\web\CController.php(287): EventController->runAction()
#2 C:\Users\dani\Documents\My Dropbox\dani_projects\yii-1.1.10.r3566\framework\web\CController.php(266): EventController->runActionWithFilters()
#3 C:\Users\dani\Documents\My Dropbox\dani_projects\yii-1.1.10.r3566\framework\web\CWebApplication.php(276): EventController->run()
#4 C:\Users\dani\Documents\My Dropbox\dani_projects\yii-1.1.10.r3566\framework\web\CWebApplication.php(135): CWebApplication->runController()
#5 C:\Users\dani\Documents\My Dropbox\dani_projects\yii-1.1.10.r3566\framework\base\CApplication.php(162): CWebApplication->processRequest()
#6 C:\Users\dani\Documents\My Dropbox\dani_projects\2012_a\ao\api\index.php(19): CWebApplication->run()
REQUEST_URI=/dani_projects/2012_a/ao/api/event/search?d=2012-10-27&geo=41.386871%2C2.170161
in C:\Users\dani\Documents\My Dropbox\dani_projects\2012_a\ao\api\protected\vendors\Analytics.php (95)
in C:\Users\dani\Documents\My Dropbox\dani_projects\2012_a\ao\api\protected\controllers\EventController.php (18)
in C:\Users\dani\Documents\My Dropbox\dani_projects\2012_a\ao\api\index.php (19)
